{"/Users/peterihimire/Personal/qacetech-assessment/src/models/Transaction.ts": {"path":"/Users/peterihimire/Personal/qacetech-assessment/src/models/Transaction.ts","statementMap":{"0":{"start":{"line":1,"column":0},"end":{"line":1,"column":54}},"1":{"start":{"line":2,"column":0},"end":{"line":2,"column":36}},"2":{"start":{"line":13,"column":34},"end":{"line":27,"column":2}},"3":{"start":{"line":26,"column":37},"end":{"line":26,"column":47}},"4":{"start":{"line":30,"column":25},"end":{"line":32,"column":null}},"5":{"start":{"line":34,"column":0},"end":{"line":34,"column":32}}},"fnMap":{"0":{"name":"(anonymous_6)","decl":{"start":{"line":26,"column":31},"end":{"line":26,"column":34}},"loc":{"start":{"line":26,"column":37},"end":{"line":26,"column":47}}}},"branchMap":{},"s":{"0":1,"1":1,"2":1,"3":0,"4":1,"5":1},"f":{"0":0},"b":{}}
,"/Users/peterihimire/Personal/qacetech-assessment/src/repositories/transactionRepository.ts": {"path":"/Users/peterihimire/Personal/qacetech-assessment/src/repositories/transactionRepository.ts","statementMap":{"0":{"start":{"line":1,"column":0},"end":{"line":1,"column":53}},"1":{"start":{"line":9,"column":33},"end":{"line":22,"column":1}},"2":{"start":{"line":14,"column":25},"end":{"line":18,"column":4}},"3":{"start":{"line":20,"column":2},"end":{"line":20,"column":30}},"4":{"start":{"line":21,"column":2},"end":{"line":21,"column":24}},"5":{"start":{"line":9,"column":13},"end":{"line":9,"column":33}},"6":{"start":{"line":29,"column":35},"end":{"line":33,"column":1}},"7":{"start":{"line":32,"column":2},"end":{"line":32,"column":53}},"8":{"start":{"line":29,"column":13},"end":{"line":29,"column":35}},"9":{"start":{"line":39,"column":35},"end":{"line":41,"column":1}},"10":{"start":{"line":40,"column":2},"end":{"line":40,"column":40}},"11":{"start":{"line":39,"column":13},"end":{"line":39,"column":35}}},"fnMap":{"0":{"name":"(anonymous_1)","decl":{"start":{"line":9,"column":33},"end":{"line":9,"column":38}},"loc":{"start":{"line":13,"column":35},"end":{"line":22,"column":1}}},"1":{"name":"(anonymous_2)","decl":{"start":{"line":29,"column":35},"end":{"line":29,"column":40}},"loc":{"start":{"line":31,"column":34},"end":{"line":33,"column":1}}},"2":{"name":"(anonymous_3)","decl":{"start":{"line":39,"column":35},"end":{"line":39,"column":40}},"loc":{"start":{"line":39,"column":78},"end":{"line":41,"column":1}}}},"branchMap":{},"s":{"0":1,"1":1,"2":0,"3":0,"4":0,"5":1,"6":1,"7":0,"8":1,"9":1,"10":0,"11":1},"f":{"0":0,"1":0,"2":0},"b":{}}
,"/Users/peterihimire/Personal/qacetech-assessment/src/services/transactionService.ts": {"path":"/Users/peterihimire/Personal/qacetech-assessment/src/services/transactionService.ts","statementMap":{"0":{"start":{"line":2,"column":0},"end":{"line":2,"column":28}},"1":{"start":{"line":4,"column":0},"end":{"line":4,"column":79}},"2":{"start":{"line":5,"column":0},"end":{"line":5,"column":44}},"3":{"start":{"line":6,"column":0},"end":{"line":6,"column":61}},"4":{"start":{"line":8,"column":0},"end":{"line":8,"column":16}},"5":{"start":{"line":15,"column":30},"end":{"line":29,"column":1}},"6":{"start":{"line":21,"column":25},"end":{"line":26,"column":4}},"7":{"start":{"line":28,"column":2},"end":{"line":28,"column":24}},"8":{"start":{"line":15,"column":13},"end":{"line":15,"column":30}},"9":{"start":{"line":36,"column":36},"end":{"line":50,"column":1}},"10":{"start":{"line":39,"column":30},"end":{"line":40,"column":null}},"11":{"start":{"line":42,"column":2},"end":{"line":47,"column":3}},"12":{"start":{"line":43,"column":4},"end":{"line":46,"column":6}},"13":{"start":{"line":49,"column":2},"end":{"line":49,"column":29}},"14":{"start":{"line":36,"column":13},"end":{"line":36,"column":36}},"15":{"start":{"line":57,"column":36},"end":{"line":67,"column":1}},"16":{"start":{"line":61,"column":4},"end":{"line":61,"column":53}},"17":{"start":{"line":62,"column":2},"end":{"line":64,"column":3}},"18":{"start":{"line":63,"column":4},"end":{"line":63,"column":77}},"19":{"start":{"line":66,"column":2},"end":{"line":66,"column":30}},"20":{"start":{"line":57,"column":13},"end":{"line":57,"column":36}}},"fnMap":{"0":{"name":"(anonymous_7)","decl":{"start":{"line":15,"column":30},"end":{"line":15,"column":35}},"loc":{"start":{"line":20,"column":35},"end":{"line":29,"column":1}}},"1":{"name":"(anonymous_8)","decl":{"start":{"line":36,"column":36},"end":{"line":36,"column":41}},"loc":{"start":{"line":38,"column":35},"end":{"line":50,"column":1}}},"2":{"name":"(anonymous_9)","decl":{"start":{"line":57,"column":36},"end":{"line":57,"column":41}},"loc":{"start":{"line":59,"column":4},"end":{"line":67,"column":1}}}},"branchMap":{"0":{"loc":{"start":{"line":42,"column":2},"end":{"line":47,"column":3}},"type":"if","locations":[{"start":{"line":42,"column":2},"end":{"line":47,"column":3}}]},"1":{"loc":{"start":{"line":62,"column":2},"end":{"line":64,"column":3}},"type":"if","locations":[{"start":{"line":62,"column":2},"end":{"line":64,"column":3}}]}},"s":{"0":1,"1":1,"2":1,"3":1,"4":1,"5":1,"6":1,"7":1,"8":1,"9":1,"10":2,"11":2,"12":1,"13":1,"14":1,"15":1,"16":2,"17":2,"18":1,"19":1,"20":1},"f":{"0":1,"1":2,"2":2},"b":{"0":[1],"1":[1]}}
,"/Users/peterihimire/Personal/qacetech-assessment/src/utils/base-error.ts": {"path":"/Users/peterihimire/Personal/qacetech-assessment/src/utils/base-error.ts","statementMap":{"0":{"start":{"line":3,"column":4},"end":{"line":3,"column":19}},"1":{"start":{"line":2,"column":21},"end":{"line":2,"column":36}},"2":{"start":{"line":2,"column":45},"end":{"line":2,"column":62}},"3":{"start":{"line":4,"column":4},"end":{"line":4,"column":31}},"4":{"start":{"line":5,"column":4},"end":{"line":5,"column":34}},"5":{"start":{"line":8,"column":0},"end":{"line":8,"column":25}}},"fnMap":{"0":{"name":"(anonymous_0)","decl":{"start":{"line":2,"column":2},"end":{"line":2,"column":21}},"loc":{"start":{"line":2,"column":62},"end":{"line":6,"column":3}}}},"branchMap":{},"s":{"0":4,"1":4,"2":4,"3":4,"4":4,"5":1},"f":{"0":4},"b":{}}
,"/Users/peterihimire/Personal/qacetech-assessment/src/utils/http-status-codes.ts": {"path":"/Users/peterihimire/Personal/qacetech-assessment/src/utils/http-status-codes.ts","statementMap":{"0":{"start":{"line":1,"column":13},"end":{"line":11,"column":2}}},"fnMap":{},"branchMap":{},"s":{"0":1},"f":{},"b":{}}
}
