TN:
SF:src/models/Transaction.ts
FN:26,(anonymous_6)
FNF:1
FNH:0
FNDA:0,(anonymous_6)
DA:1,1
DA:2,1
DA:13,1
DA:26,0
DA:30,1
DA:34,1
LF:6
LH:5
BRF:0
BRH:0
end_of_record
TN:
SF:src/repositories/transactionRepository.ts
FN:9,(anonymous_1)
FN:29,(anonymous_2)
FN:39,(anonymous_3)
FNF:3
FNH:0
FNDA:0,(anonymous_1)
FNDA:0,(anonymous_2)
FNDA:0,(anonymous_3)
DA:1,1
DA:9,1
DA:14,0
DA:20,0
DA:21,0
DA:29,1
DA:32,0
DA:39,1
DA:40,0
LF:9
LH:4
BRF:0
BRH:0
end_of_record
TN:
SF:src/services/transactionService.ts
FN:15,(anonymous_7)
FN:36,(anonymous_8)
FN:57,(anonymous_9)
FNF:3
FNH:3
FNDA:1,(anonymous_7)
FNDA:2,(anonymous_8)
FNDA:2,(anonymous_9)
DA:2,1
DA:4,1
DA:5,1
DA:6,1
DA:8,1
DA:15,1
DA:21,1
DA:28,1
DA:36,1
DA:39,2
DA:42,2
DA:43,1
DA:49,1
DA:57,1
DA:61,2
DA:62,2
DA:63,1
DA:66,1
LF:18
LH:18
BRDA:42,0,0,1
BRDA:62,1,0,1
BRF:2
BRH:2
end_of_record
TN:
SF:src/utils/base-error.ts
FN:2,(anonymous_0)
FNF:1
FNH:1
FNDA:4,(anonymous_0)
DA:2,4
DA:3,4
DA:4,4
DA:5,4
DA:8,1
LF:5
LH:5
BRF:0
BRH:0
end_of_record
TN:
SF:src/utils/http-status-codes.ts
FNF:0
FNH:0
DA:1,1
LF:1
LH:1
BRF:0
BRH:0
end_of_record
